==> main: Forcing shutdown of VM...
==> main: Destroying VM and associated drives...
removed 'sync/tf/app/main.plan'
removed 'sync/tf/app/project/app1/image/Dockerfile'
removed 'sync/tf/app/project/app1/image/app/index.php'
removed directory 'sync/tf/app/project/app1/image/app'
removed directory 'sync/tf/app/project/app1/image'
removed 'sync/tf/app/project/app1/Readme.md'
removed directory 'sync/tf/app/project/app1'
removed 'sync/tf/app/project/.git/hooks/fsmonitor-watchman.sample'
removed 'sync/tf/app/project/.git/hooks/pre-applypatch.sample'
removed 'sync/tf/app/project/.git/hooks/commit-msg.sample'
removed 'sync/tf/app/project/.git/hooks/update.sample'
removed 'sync/tf/app/project/.git/hooks/pre-commit.sample'
removed 'sync/tf/app/project/.git/hooks/pre-receive.sample'
removed 'sync/tf/app/project/.git/hooks/pre-merge-commit.sample'
removed 'sync/tf/app/project/.git/hooks/applypatch-msg.sample'
removed 'sync/tf/app/project/.git/hooks/pre-rebase.sample'
removed 'sync/tf/app/project/.git/hooks/post-update.sample'
removed 'sync/tf/app/project/.git/hooks/prepare-commit-msg.sample'
removed 'sync/tf/app/project/.git/hooks/pre-push.sample'
removed directory 'sync/tf/app/project/.git/hooks'
removed directory 'sync/tf/app/project/.git/branches'
removed 'sync/tf/app/project/.git/HEAD'
removed 'sync/tf/app/project/.git/packed-refs'
removed 'sync/tf/app/project/.git/logs/HEAD'
removed 'sync/tf/app/project/.git/logs/refs/heads/main'
removed directory 'sync/tf/app/project/.git/logs/refs/heads'
removed 'sync/tf/app/project/.git/logs/refs/remotes/origin/HEAD'
removed directory 'sync/tf/app/project/.git/logs/refs/remotes/origin'
removed directory 'sync/tf/app/project/.git/logs/refs/remotes'
removed directory 'sync/tf/app/project/.git/logs/refs'
removed directory 'sync/tf/app/project/.git/logs'
removed 'sync/tf/app/project/.git/refs/heads/main'
removed directory 'sync/tf/app/project/.git/refs/heads'
removed 'sync/tf/app/project/.git/refs/remotes/origin/HEAD'
removed directory 'sync/tf/app/project/.git/refs/remotes/origin'
removed directory 'sync/tf/app/project/.git/refs/remotes'
removed directory 'sync/tf/app/project/.git/refs/tags'
removed directory 'sync/tf/app/project/.git/refs'
removed 'sync/tf/app/project/.git/info/exclude'
removed directory 'sync/tf/app/project/.git/info'
removed 'sync/tf/app/project/.git/objects/18/b595f6373aeb82674997e4e9c7a03ec60d7657'
removed directory 'sync/tf/app/project/.git/objects/18'
removed 'sync/tf/app/project/.git/objects/37/f44f3d39f186cff8dde948237d4e3e1a5812f7'
removed directory 'sync/tf/app/project/.git/objects/37'
removed 'sync/tf/app/project/.git/objects/85/92abec69b887a6a597bc3c68e6e2660211f580'
removed 'sync/tf/app/project/.git/objects/85/f225c5544cf2c566d7b27e3e720dc3849850fd'
removed directory 'sync/tf/app/project/.git/objects/85'
removed 'sync/tf/app/project/.git/objects/b2/27be1d612c995c0ebe7a352efe762fd3cfb4d9'
removed directory 'sync/tf/app/project/.git/objects/b2'
removed 'sync/tf/app/project/.git/objects/2b/ae575043988fd1f05fe9803ef0379d705f6675'
removed directory 'sync/tf/app/project/.git/objects/2b'
removed 'sync/tf/app/project/.git/objects/69/2710ccbccaf9e1d383ee95b43e0b37e1e80dae'
removed directory 'sync/tf/app/project/.git/objects/69'
removed 'sync/tf/app/project/.git/objects/e0/430a32e92cb57d0e735e604408a137e529a568'
removed directory 'sync/tf/app/project/.git/objects/e0'
removed 'sync/tf/app/project/.git/objects/ab/ca2f213b1970d0432981473be5590d8cc75511'
removed directory 'sync/tf/app/project/.git/objects/ab'
removed 'sync/tf/app/project/.git/objects/d2/67b178e05dea56b0a9585a6f2b676dff11f89e'
removed directory 'sync/tf/app/project/.git/objects/d2'
removed 'sync/tf/app/project/.git/objects/d4/a1ffa2abdc9cc376f84c6ef51f0854734273f3'
removed directory 'sync/tf/app/project/.git/objects/d4'
removed 'sync/tf/app/project/.git/objects/a5/fd0a8d62ce4000bd28cb87ae6014e2706bcf8e'
removed 'sync/tf/app/project/.git/objects/a5/e1a2aaf60daa2de1c9eaab92b8876fdc21465e'
removed 'sync/tf/app/project/.git/objects/a5/3d5eb35ab838af457fd988cb449bb321fd1ae5'
removed directory 'sync/tf/app/project/.git/objects/a5'
removed 'sync/tf/app/project/.git/objects/6a/31f7b513f6275fa78893cd1a940a754db68ab8'
removed directory 'sync/tf/app/project/.git/objects/6a'
removed 'sync/tf/app/project/.git/objects/b3/df3e600de524ba965be17cfedc57e6e7073e13'
removed 'sync/tf/app/project/.git/objects/b3/1efe65adf478b57c91bd8a5668e9aca9cd9001'
removed directory 'sync/tf/app/project/.git/objects/b3'
removed 'sync/tf/app/project/.git/objects/00/f80a0d3f30f10e607e8632e0cef58cb536c566'
removed directory 'sync/tf/app/project/.git/objects/00'
removed 'sync/tf/app/project/.git/objects/b7/eec16e0d7f6b284d7cd531b223c7934b1ab4fe'
removed directory 'sync/tf/app/project/.git/objects/b7'
removed 'sync/tf/app/project/.git/objects/d0/7e93695bdcdd0e51227e6458647324bdc8774d'
removed directory 'sync/tf/app/project/.git/objects/d0'
removed 'sync/tf/app/project/.git/objects/db/b48ca39a53a2cf6f9a78bf0fdbad67c3015a3a'
removed directory 'sync/tf/app/project/.git/objects/db'
removed directory 'sync/tf/app/project/.git/objects/pack'
removed 'sync/tf/app/project/.git/objects/ae/0f86d09972aef0b8f1658578dd10d200d7620e'
removed directory 'sync/tf/app/project/.git/objects/ae'
removed 'sync/tf/app/project/.git/objects/32/65e97dc444ff9e07644458555d9b714389b120'
removed directory 'sync/tf/app/project/.git/objects/32'
removed 'sync/tf/app/project/.git/objects/c8/770dc4753b28895198c809d0aa003e592a38ef'
removed 'sync/tf/app/project/.git/objects/c8/d8e6ebd128a3e160bc7f2c8a37d73b5e70df2a'
removed directory 'sync/tf/app/project/.git/objects/c8'
removed 'sync/tf/app/project/.git/objects/a6/6458b07e9cf54446461af21c5105044a4bd261'
removed directory 'sync/tf/app/project/.git/objects/a6'
removed 'sync/tf/app/project/.git/objects/56/404ff9f5df6eaaeac3030ac688b70281adf132'
removed directory 'sync/tf/app/project/.git/objects/56'
removed 'sync/tf/app/project/.git/objects/2a/9b951bd91ed195fbd7040ed8d20e028ce2c1f4'
removed directory 'sync/tf/app/project/.git/objects/2a'
removed 'sync/tf/app/project/.git/objects/30/0740e6f0e0810e16e102bbd7935e034820fd0c'
removed directory 'sync/tf/app/project/.git/objects/30'
removed 'sync/tf/app/project/.git/objects/21/b622a60d96177c63a68612d309a1bdadfbd169'
removed directory 'sync/tf/app/project/.git/objects/21'
removed 'sync/tf/app/project/.git/objects/82/23cb7a552e121c778e1de1556f2015e7e53294'
removed directory 'sync/tf/app/project/.git/objects/82'
removed 'sync/tf/app/project/.git/objects/c5/2e500dfedf4405f78339151be35d70e11c4a47'
removed 'sync/tf/app/project/.git/objects/c5/73eff596d16be833d4a3d078015bf0db221e9a'
removed directory 'sync/tf/app/project/.git/objects/c5'
removed 'sync/tf/app/project/.git/objects/98/a9b99d71883673d5f6fa0dd23fe6f69c85addb'
removed directory 'sync/tf/app/project/.git/objects/98'
removed 'sync/tf/app/project/.git/objects/46/d551e19fe1df01ac465892a1c62c801b1782b7'
removed directory 'sync/tf/app/project/.git/objects/46'
removed directory 'sync/tf/app/project/.git/objects/info'
removed 'sync/tf/app/project/.git/objects/0e/b85dd6f4f6a270d6fbadc6de31cb8b2dde7c84'
removed directory 'sync/tf/app/project/.git/objects/0e'
removed 'sync/tf/app/project/.git/objects/c1/545ce83253f577c6e8935ecaec6289b87ce3e4'
removed directory 'sync/tf/app/project/.git/objects/c1'
removed 'sync/tf/app/project/.git/objects/ea/e876fb26bd3fa387e8137fb285e19eb501f627'
removed directory 'sync/tf/app/project/.git/objects/ea'
removed 'sync/tf/app/project/.git/objects/b1/1f79acda703daf8c95d63fd15b7aaeeec092d8'
removed directory 'sync/tf/app/project/.git/objects/b1'
removed 'sync/tf/app/project/.git/objects/06/1c4e6b3c5fa5ffd262d10de0143521f6a988e0'
removed directory 'sync/tf/app/project/.git/objects/06'
removed 'sync/tf/app/project/.git/objects/da/131c702f596d82d42b3fcc687e74e30f551252'
removed directory 'sync/tf/app/project/.git/objects/da'
removed 'sync/tf/app/project/.git/objects/31/4d37c5498b6177fd84e6e9c582f2af32806078'
removed directory 'sync/tf/app/project/.git/objects/31'
removed 'sync/tf/app/project/.git/objects/10/df095bc641cd92277cbba429d2773c059a3f5f'
removed directory 'sync/tf/app/project/.git/objects/10'
removed 'sync/tf/app/project/.git/objects/6c/90b8db2f271da4e38b68d496ecf00d682d01eb'
removed directory 'sync/tf/app/project/.git/objects/6c'
removed 'sync/tf/app/project/.git/objects/a7/b6e4f638838c4b98f2b08e29708fcc498926a8'
removed directory 'sync/tf/app/project/.git/objects/a7'
removed 'sync/tf/app/project/.git/objects/43/8de0b1e08e098002b15e6602423db35132202b'
removed directory 'sync/tf/app/project/.git/objects/43'
removed 'sync/tf/app/project/.git/objects/75/ddd52701b3d3d2d9b1d1ef0528429ec112f282'
removed directory 'sync/tf/app/project/.git/objects/75'
removed 'sync/tf/app/project/.git/objects/c4/80e6bd71c0790f1192b9c5e057e038434d7c6c'
removed directory 'sync/tf/app/project/.git/objects/c4'
removed 'sync/tf/app/project/.git/objects/bf/ede1a2aed8907657aa567b2f39bafacd36b0e6'
removed directory 'sync/tf/app/project/.git/objects/bf'
removed 'sync/tf/app/project/.git/objects/f1/d5f507b46545873101f50439d93db80998576e'
removed directory 'sync/tf/app/project/.git/objects/f1'
removed 'sync/tf/app/project/.git/objects/fd/fa6af51c33d16735bd5cc1a26d47b5f57f38af'
removed 'sync/tf/app/project/.git/objects/fd/1ac1343e47595ef6d44426c51b378ee2cf4292'
removed directory 'sync/tf/app/project/.git/objects/fd'
removed 'sync/tf/app/project/.git/objects/67/26423ca5424dc96f45b1d3caa7e83dfdd54e02'
removed directory 'sync/tf/app/project/.git/objects/67'
removed 'sync/tf/app/project/.git/objects/3d/dce99735b5295eac0c3a8ec3e167ff6a5beb78'
removed directory 'sync/tf/app/project/.git/objects/3d'
removed 'sync/tf/app/project/.git/objects/1f/dd9416363923bbe044e9a14f5617825f3faff6'
removed directory 'sync/tf/app/project/.git/objects/1f'
removed 'sync/tf/app/project/.git/objects/33/69d2583a3c4f6a025a54a33b3576d828d45367'
removed directory 'sync/tf/app/project/.git/objects/33'
removed 'sync/tf/app/project/.git/objects/b5/8b41ec92434804f6c372499563c48c3ffc6a35'
removed directory 'sync/tf/app/project/.git/objects/b5'
removed 'sync/tf/app/project/.git/objects/27/aef8b2ea1ffe77e77fa65472c761890352ad51'
removed 'sync/tf/app/project/.git/objects/27/d56c06ddf9a73fd070a267613e0428fc60601b'
removed 'sync/tf/app/project/.git/objects/27/785c94b3f2d45b561d1517ae32d9544f342f74'
removed directory 'sync/tf/app/project/.git/objects/27'
removed 'sync/tf/app/project/.git/objects/89/7646e60cfe5f934ba1e5d461c52391abe4eeee'
removed directory 'sync/tf/app/project/.git/objects/89'
removed 'sync/tf/app/project/.git/objects/2f/754e26649c2dd1a1a5952237e8f6123551089f'
removed directory 'sync/tf/app/project/.git/objects/2f'
removed 'sync/tf/app/project/.git/objects/5c/0fb857127db0d26a107664c25fddcb9ec82d43'
removed directory 'sync/tf/app/project/.git/objects/5c'
removed 'sync/tf/app/project/.git/objects/9b/25fdac1a27f1c3114b3ede431152a75991c74e'
removed directory 'sync/tf/app/project/.git/objects/9b'
removed 'sync/tf/app/project/.git/objects/e6/d06d0d149847e220e0356acc830197656136c7'
removed 'sync/tf/app/project/.git/objects/e6/181e163e6939364c3ac388b7bda7cd08018acc'
removed directory 'sync/tf/app/project/.git/objects/e6'
removed 'sync/tf/app/project/.git/objects/1a/9ce93a2484e0f370ac945bb37a612ddb35c522'
removed directory 'sync/tf/app/project/.git/objects/1a'
removed 'sync/tf/app/project/.git/objects/09/be6c7fb4f96146743f0a4c5c04917bfbd0da95'
removed directory 'sync/tf/app/project/.git/objects/09'
removed 'sync/tf/app/project/.git/objects/a2/85ab31e13c1690a23bd1757416a2d8eb6f1c90'
removed 'sync/tf/app/project/.git/objects/a2/2b12204b63f2d92e5f3a68e967e951cb008892'
removed directory 'sync/tf/app/project/.git/objects/a2'
removed 'sync/tf/app/project/.git/objects/77/ae51b6dd3963e97ca79645d674ef4cb33cfa6e'
removed directory 'sync/tf/app/project/.git/objects/77'
removed 'sync/tf/app/project/.git/objects/14/641f3c567cde1fc6323b967ec8003c388157d3'
removed directory 'sync/tf/app/project/.git/objects/14'
removed 'sync/tf/app/project/.git/objects/a1/254bf4a4c21db1f5ecc45bb1b0e50452d9f6e7'
removed directory 'sync/tf/app/project/.git/objects/a1'
removed 'sync/tf/app/project/.git/objects/e1/14b826ff119a2531dcf8f3da4780968d2c6ad4'
removed directory 'sync/tf/app/project/.git/objects/e1'
removed directory 'sync/tf/app/project/.git/objects'
removed 'sync/tf/app/project/.git/index'
removed 'sync/tf/app/project/.git/config'
removed 'sync/tf/app/project/.git/description'
removed directory 'sync/tf/app/project/.git'
removed 'sync/tf/app/project/README.md'
removed 'sync/tf/app/project/app2/db/Readme.md'
removed directory 'sync/tf/app/project/app2/db'
removed 'sync/tf/app/project/app2/docker-compose.yml'
removed 'sync/tf/app/project/app2/web/Dockerfile'
removed 'sync/tf/app/project/app2/web/app/index.php'
removed 'sync/tf/app/project/app2/web/app/images/kubernetes-logo.png'
removed 'sync/tf/app/project/app2/web/app/images/chef-logo.png'
removed 'sync/tf/app/project/app2/web/app/images/minikube-logo.png'
removed 'sync/tf/app/project/app2/web/app/images/terraform-logo.png'
removed 'sync/tf/app/project/app2/web/app/images/docker-logo.png'
removed 'sync/tf/app/project/app2/web/app/images/puppet-logo.png'
removed 'sync/tf/app/project/app2/web/app/images/packer-logo.png'
removed 'sync/tf/app/project/app2/web/app/images/salt-stack-logo.png'
removed 'sync/tf/app/project/app2/web/app/images/nomad-logo.png'
removed 'sync/tf/app/project/app2/web/app/images/elastic-stack-logo.png'
removed 'sync/tf/app/project/app2/web/app/images/consul-logo.png'
removed 'sync/tf/app/project/app2/web/app/images/vault-logo.png'
removed directory 'sync/tf/app/project/app2/web/app/images'
removed directory 'sync/tf/app/project/app2/web/app'
removed 'sync/tf/app/project/app2/web/Readme.md'
removed directory 'sync/tf/app/project/app2/web'
removed 'sync/tf/app/project/app2/README.md'
removed 'sync/tf/app/project/app2/yaml/app.yaml'
removed directory 'sync/tf/app/project/app2/yaml'
removed directory 'sync/tf/app/project/app2'
removed directory 'sync/tf/app/project'
removed 'sync/tf/app/terraform.tfstate'
removed 'sync/tf/app/terraform.tfstate.backup'
# Host [localhost]:2222 found: line 62
/home/mario/.ssh/known_hosts updated.
Original contents retained as /home/mario/.ssh/known_hosts.old
Host [localhost]:2200 not found in /home/mario/.ssh/known_hosts
Host [localhost]:2201 not found in /home/mario/.ssh/known_hosts
